2021-06-19 08:48:09,820 INFO com.OnlineDryCleaningApplication [main] Starting OnlineDryCleaningApplication using Java 15.0.2 on Mohammed-Saqlain with PID 4220 (C:\Users\Saqlain\Desktop\Ghouse_Project\OnlineDryCleaningApplication\bin\main started by Saqlain in C:\Users\Saqlain\Desktop\Ghouse_Project\OnlineDryCleaningApplication)
2021-06-19 08:48:09,858 INFO com.OnlineDryCleaningApplication [main] No active profile set, falling back to default profiles: default
2021-06-19 08:48:15,125 INFO org.springframework.data.repository.config.RepositoryConfigurationDelegate [main] Bootstrapping Spring Data JPA repositories in DEFAULT mode.
2021-06-19 08:48:16,043 INFO org.springframework.data.repository.config.RepositoryConfigurationDelegate [main] Finished Spring Data repository scanning in 898 ms. Found 7 JPA repository interfaces.
2021-06-19 08:48:18,768 INFO org.springframework.boot.web.embedded.tomcat.TomcatWebServer [main] Tomcat initialized with port(s): 8089 (http)
2021-06-19 08:48:18,792 INFO org.apache.coyote.http11.Http11NioProtocol [main] Initializing ProtocolHandler ["http-nio-8089"]
2021-06-19 08:48:18,793 INFO org.apache.catalina.core.StandardService [main] Starting service [Tomcat]
2021-06-19 08:48:18,794 INFO org.apache.catalina.core.StandardEngine [main] Starting Servlet engine: [Apache Tomcat/9.0.46]
2021-06-19 08:48:19,168 INFO org.apache.catalina.core.ContainerBase.[Tomcat].[localhost].[/] [main] Initializing Spring embedded WebApplicationContext
2021-06-19 08:48:19,169 INFO org.springframework.boot.web.servlet.context.ServletWebServerApplicationContext [main] Root WebApplicationContext: initialization completed in 9027 ms
2021-06-19 08:48:19,643 INFO com.zaxxer.hikari.HikariDataSource [main] HikariPool-1 - Starting...
2021-06-19 08:48:20,185 INFO com.zaxxer.hikari.HikariDataSource [main] HikariPool-1 - Start completed.
2021-06-19 08:48:21,365 INFO org.hibernate.jpa.internal.util.LogHelper [main] HHH000204: Processing PersistenceUnitInfo [name: default]
2021-06-19 08:48:21,491 INFO org.hibernate.Version [main] HHH000412: Hibernate ORM core version 5.4.32.Final
2021-06-19 08:48:21,886 INFO org.hibernate.annotations.common.Version [main] HCANN000001: Hibernate Commons Annotations {5.1.2.Final}
2021-06-19 08:48:22,167 INFO org.hibernate.dialect.Dialect [main] HHH000400: Using dialect: org.hibernate.dialect.PostgreSQL10Dialect
2021-06-19 08:48:24,828 INFO org.hibernate.engine.transaction.jta.platform.internal.JtaPlatformInitiator [main] HHH000490: Using JtaPlatform implementation: [org.hibernate.engine.transaction.jta.platform.internal.NoJtaPlatform]
2021-06-19 08:48:24,855 INFO org.springframework.orm.jpa.LocalContainerEntityManagerFactoryBean [main] Initialized JPA EntityManagerFactory for persistence unit 'default'
2021-06-19 08:48:29,495 WARN org.springframework.boot.autoconfigure.orm.jpa.JpaBaseConfiguration$JpaWebConfiguration [main] spring.jpa.open-in-view is enabled by default. Therefore, database queries may be performed during view rendering. Explicitly configure spring.jpa.open-in-view to disable this warning
2021-06-19 08:48:32,848 INFO org.apache.coyote.http11.Http11NioProtocol [main] Starting ProtocolHandler ["http-nio-8089"]
2021-06-19 08:48:32,908 INFO org.springframework.boot.web.embedded.tomcat.TomcatWebServer [main] Tomcat started on port(s): 8089 (http) with context path ''
2021-06-19 08:48:35,415 INFO com.OnlineDryCleaningApplication [main] Started OnlineDryCleaningApplication in 27.53 seconds (JVM running for 30.955)
2021-06-19 08:49:13,073 INFO org.apache.catalina.core.ContainerBase.[Tomcat].[localhost].[/] [http-nio-8089-exec-2] Initializing Spring DispatcherServlet 'dispatcherServlet'
2021-06-19 08:49:13,077 INFO org.springframework.web.servlet.DispatcherServlet [http-nio-8089-exec-2] Initializing Servlet 'dispatcherServlet'
2021-06-19 08:49:13,097 INFO org.springframework.web.servlet.DispatcherServlet [http-nio-8089-exec-2] Completed initialization in 18 ms
2021-06-19 10:08:14,335 INFO com.OnlineDryCleaningApplication [main] Starting OnlineDryCleaningApplication using Java 15.0.2 on Mohammed-Saqlain with PID 8188 (C:\Users\Saqlain\Desktop\Ghouse_Project\OnlineDryCleaningApplication\bin\main started by Saqlain in C:\Users\Saqlain\Desktop\Ghouse_Project\OnlineDryCleaningApplication)
2021-06-19 10:08:14,352 INFO com.OnlineDryCleaningApplication [main] No active profile set, falling back to default profiles: default
2021-06-19 10:08:19,712 INFO org.springframework.data.repository.config.RepositoryConfigurationDelegate [main] Bootstrapping Spring Data JPA repositories in DEFAULT mode.
2021-06-19 10:08:20,820 INFO org.springframework.data.repository.config.RepositoryConfigurationDelegate [main] Finished Spring Data repository scanning in 1082 ms. Found 7 JPA repository interfaces.
2021-06-19 10:08:23,771 INFO org.springframework.boot.web.embedded.tomcat.TomcatWebServer [main] Tomcat initialized with port(s): 8089 (http)
2021-06-19 10:08:23,797 INFO org.apache.coyote.http11.Http11NioProtocol [main] Initializing ProtocolHandler ["http-nio-8089"]
2021-06-19 10:08:23,801 INFO org.apache.catalina.core.StandardService [main] Starting service [Tomcat]
2021-06-19 10:08:23,802 INFO org.apache.catalina.core.StandardEngine [main] Starting Servlet engine: [Apache Tomcat/9.0.46]
2021-06-19 10:08:24,138 INFO org.apache.catalina.core.ContainerBase.[Tomcat].[localhost].[/] [main] Initializing Spring embedded WebApplicationContext
2021-06-19 10:08:24,140 INFO org.springframework.boot.web.servlet.context.ServletWebServerApplicationContext [main] Root WebApplicationContext: initialization completed in 9590 ms
2021-06-19 10:08:24,665 INFO com.zaxxer.hikari.HikariDataSource [main] HikariPool-1 - Starting...
2021-06-19 10:08:25,266 INFO com.zaxxer.hikari.HikariDataSource [main] HikariPool-1 - Start completed.
2021-06-19 10:08:26,512 INFO org.hibernate.jpa.internal.util.LogHelper [main] HHH000204: Processing PersistenceUnitInfo [name: default]
2021-06-19 10:08:26,672 INFO org.hibernate.Version [main] HHH000412: Hibernate ORM core version 5.4.32.Final
2021-06-19 10:08:27,086 INFO org.hibernate.annotations.common.Version [main] HCANN000001: Hibernate Commons Annotations {5.1.2.Final}
2021-06-19 10:08:27,464 INFO org.hibernate.dialect.Dialect [main] HHH000400: Using dialect: org.hibernate.dialect.PostgreSQL10Dialect
2021-06-19 10:08:29,792 WARN org.hibernate.engine.jdbc.spi.SqlExceptionHelper [main] SQL Warning Code: 0, SQLState: 00000
2021-06-19 10:08:29,793 WARN org.hibernate.engine.jdbc.spi.SqlExceptionHelper [main] constraint "fk3hlshckef8avlji59i9n6d6rg" of relation "customer_item" does not exist, skipping
2021-06-19 10:08:29,819 WARN org.hibernate.engine.jdbc.spi.SqlExceptionHelper [main] SQL Warning Code: 0, SQLState: 00000
2021-06-19 10:08:29,819 WARN org.hibernate.engine.jdbc.spi.SqlExceptionHelper [main] constraint "fkb4mqbke1ywuh1cfbew19bxi0o" of relation "order_table" does not exist, skipping
2021-06-19 10:08:29,833 WARN org.hibernate.engine.jdbc.spi.SqlExceptionHelper [main] SQL Warning Code: 0, SQLState: 00000
2021-06-19 10:08:29,833 WARN org.hibernate.engine.jdbc.spi.SqlExceptionHelper [main] constraint "fkdit09e676nqbguvt1k1w8mlj2" of relation "order_table" does not exist, skipping
2021-06-19 10:08:34,413 INFO org.hibernate.engine.transaction.jta.platform.internal.JtaPlatformInitiator [main] HHH000490: Using JtaPlatform implementation: [org.hibernate.engine.transaction.jta.platform.internal.NoJtaPlatform]
2021-06-19 10:08:34,428 INFO org.springframework.orm.jpa.LocalContainerEntityManagerFactoryBean [main] Initialized JPA EntityManagerFactory for persistence unit 'default'
2021-06-19 10:08:38,761 WARN org.springframework.boot.autoconfigure.orm.jpa.JpaBaseConfiguration$JpaWebConfiguration [main] spring.jpa.open-in-view is enabled by default. Therefore, database queries may be performed during view rendering. Explicitly configure spring.jpa.open-in-view to disable this warning
2021-06-19 10:08:42,383 INFO org.apache.coyote.http11.Http11NioProtocol [main] Starting ProtocolHandler ["http-nio-8089"]
2021-06-19 10:08:42,463 INFO org.springframework.boot.web.embedded.tomcat.TomcatWebServer [main] Tomcat started on port(s): 8089 (http) with context path ''
2021-06-19 10:08:45,435 INFO com.OnlineDryCleaningApplication [main] Started OnlineDryCleaningApplication in 32.488 seconds (JVM running for 34.453)
2021-06-19 10:08:54,474 INFO org.apache.catalina.core.ContainerBase.[Tomcat].[localhost].[/] [http-nio-8089-exec-1] Initializing Spring DispatcherServlet 'dispatcherServlet'
2021-06-19 10:08:54,476 INFO org.springframework.web.servlet.DispatcherServlet [http-nio-8089-exec-1] Initializing Servlet 'dispatcherServlet'
2021-06-19 10:08:54,482 INFO org.springframework.web.servlet.DispatcherServlet [http-nio-8089-exec-1] Completed initialization in 4 ms
2021-06-19 13:52:38,980 INFO org.springframework.boot.test.context.SpringBootTestContextBootstrapper [main] Neither @ContextConfiguration nor @ContextHierarchy found for test class [com.test.BookingServiceTest], using SpringBootContextLoader
2021-06-19 13:52:39,006 INFO org.springframework.test.context.support.AbstractContextLoader [main] Could not detect default resource locations for test class [com.test.BookingServiceTest]: no resource found for suffixes {-context.xml, Context.groovy}.
2021-06-19 13:52:39,008 INFO org.springframework.test.context.support.AnnotationConfigContextLoaderUtils [main] Could not detect default configuration classes for test class [com.test.BookingServiceTest]: BookingServiceTest does not declare any static, non-private, non-final, nested classes annotated with @Configuration.
2021-06-19 13:52:39,473 INFO org.springframework.boot.test.context.SpringBootTestContextBootstrapper [main] Found @SpringBootConfiguration com.OnlineDryCleaningApplication for test class com.test.BookingServiceTest
2021-06-19 13:52:39,727 INFO org.springframework.boot.test.context.SpringBootTestContextBootstrapper [main] Loaded default TestExecutionListener class names from location [META-INF/spring.factories]: [org.springframework.boot.test.autoconfigure.restdocs.RestDocsTestExecutionListener, org.springframework.boot.test.autoconfigure.web.client.MockRestServiceServerResetTestExecutionListener, org.springframework.boot.test.autoconfigure.web.servlet.MockMvcPrintOnlyOnFailureTestExecutionListener, org.springframework.boot.test.autoconfigure.web.servlet.WebDriverTestExecutionListener, org.springframework.boot.test.autoconfigure.webservices.client.MockWebServiceServerTestExecutionListener, org.springframework.boot.test.mock.mockito.MockitoTestExecutionListener, org.springframework.boot.test.mock.mockito.ResetMocksTestExecutionListener, org.springframework.test.context.web.ServletTestExecutionListener, org.springframework.test.context.support.DirtiesContextBeforeModesTestExecutionListener, org.springframework.test.context.event.ApplicationEventsTestExecutionListener, org.springframework.test.context.support.DependencyInjectionTestExecutionListener, org.springframework.test.context.support.DirtiesContextTestExecutionListener, org.springframework.test.context.transaction.TransactionalTestExecutionListener, org.springframework.test.context.jdbc.SqlScriptsTestExecutionListener, org.springframework.test.context.event.EventPublishingTestExecutionListener]
2021-06-19 13:52:39,815 INFO org.springframework.boot.test.context.SpringBootTestContextBootstrapper [main] Using TestExecutionListeners: [org.springframework.test.context.web.ServletTestExecutionListener@4fe89c24, org.springframework.test.context.support.DirtiesContextBeforeModesTestExecutionListener@55795845, org.springframework.test.context.event.ApplicationEventsTestExecutionListener@3d08f3f5, org.springframework.boot.test.mock.mockito.MockitoTestExecutionListener@119f1f2a, org.springframework.boot.test.autoconfigure.SpringBootDependencyInjectionTestExecutionListener@1a1da881, org.springframework.test.context.support.DirtiesContextTestExecutionListener@5b970f7, org.springframework.test.context.transaction.TransactionalTestExecutionListener@7fd4acee, org.springframework.test.context.jdbc.SqlScriptsTestExecutionListener@165b8a71, org.springframework.test.context.event.EventPublishingTestExecutionListener@6175619b, org.springframework.boot.test.autoconfigure.restdocs.RestDocsTestExecutionListener@2f058b8a, org.springframework.boot.test.autoconfigure.web.client.MockRestServiceServerResetTestExecutionListener@756cf158, org.springframework.boot.test.autoconfigure.web.servlet.MockMvcPrintOnlyOnFailureTestExecutionListener@3f2ef586, org.springframework.boot.test.autoconfigure.web.servlet.WebDriverTestExecutionListener@751d3241, org.springframework.boot.test.autoconfigure.webservices.client.MockWebServiceServerTestExecutionListener@76c7beb3, org.springframework.boot.test.mock.mockito.ResetMocksTestExecutionListener@64337702]
2021-06-19 13:52:40,558 INFO com.test.BookingServiceTest [main] Starting BookingServiceTest using Java 15.0.2 on Mohammed-Saqlain with PID 7348 (started by Saqlain in C:\Users\Saqlain\Desktop\Ghouse_Project\OnlineDryCleaningApplication)
2021-06-19 13:52:40,580 INFO com.test.BookingServiceTest [main] No active profile set, falling back to default profiles: default
2021-06-19 13:52:44,303 INFO org.springframework.data.repository.config.RepositoryConfigurationDelegate [main] Bootstrapping Spring Data JPA repositories in DEFAULT mode.
2021-06-19 13:52:45,107 INFO org.springframework.data.repository.config.RepositoryConfigurationDelegate [main] Finished Spring Data repository scanning in 786 ms. Found 7 JPA repository interfaces.
2021-06-19 13:52:48,661 INFO com.zaxxer.hikari.HikariDataSource [main] HikariPool-1 - Starting...
2021-06-19 13:52:50,292 INFO com.zaxxer.hikari.HikariDataSource [main] HikariPool-1 - Start completed.
2021-06-19 13:52:51,358 INFO org.hibernate.jpa.internal.util.LogHelper [main] HHH000204: Processing PersistenceUnitInfo [name: default]
2021-06-19 13:52:51,614 INFO org.hibernate.Version [main] HHH000412: Hibernate ORM core version 5.4.32.Final
2021-06-19 13:52:51,780 INFO org.hibernate.annotations.common.Version [main] HCANN000001: Hibernate Commons Annotations {5.1.2.Final}
2021-06-19 13:52:52,180 INFO org.hibernate.dialect.Dialect [main] HHH000400: Using dialect: org.hibernate.dialect.PostgreSQL10Dialect
2021-06-19 13:52:55,166 INFO org.hibernate.engine.transaction.jta.platform.internal.JtaPlatformInitiator [main] HHH000490: Using JtaPlatform implementation: [org.hibernate.engine.transaction.jta.platform.internal.NoJtaPlatform]
2021-06-19 13:52:55,185 INFO org.springframework.orm.jpa.LocalContainerEntityManagerFactoryBean [main] Initialized JPA EntityManagerFactory for persistence unit 'default'
2021-06-19 13:52:58,230 WARN org.springframework.boot.autoconfigure.orm.jpa.JpaBaseConfiguration$JpaWebConfiguration [main] spring.jpa.open-in-view is enabled by default. Therefore, database queries may be performed during view rendering. Explicitly configure spring.jpa.open-in-view to disable this warning
2021-06-19 13:53:03,484 INFO com.test.BookingServiceTest [main] Started BookingServiceTest in 23.554 seconds (JVM running for 27.209)
2021-06-19 13:53:04,276 INFO org.springframework.orm.jpa.LocalContainerEntityManagerFactoryBean [SpringApplicationShutdownHook] Closing JPA EntityManagerFactory for persistence unit 'default'
2021-06-19 13:53:04,283 INFO com.zaxxer.hikari.HikariDataSource [SpringApplicationShutdownHook] HikariPool-1 - Shutdown initiated...
2021-06-19 13:53:04,299 INFO com.zaxxer.hikari.HikariDataSource [SpringApplicationShutdownHook] HikariPool-1 - Shutdown completed.
2021-06-19 13:57:29,749 INFO org.springframework.boot.test.context.SpringBootTestContextBootstrapper [main] Neither @ContextConfiguration nor @ContextHierarchy found for test class [com.test.BookingServiceTest], using SpringBootContextLoader
2021-06-19 13:57:29,771 INFO org.springframework.test.context.support.AbstractContextLoader [main] Could not detect default resource locations for test class [com.test.BookingServiceTest]: no resource found for suffixes {-context.xml, Context.groovy}.
2021-06-19 13:57:29,773 INFO org.springframework.test.context.support.AnnotationConfigContextLoaderUtils [main] Could not detect default configuration classes for test class [com.test.BookingServiceTest]: BookingServiceTest does not declare any static, non-private, non-final, nested classes annotated with @Configuration.
2021-06-19 13:57:30,107 INFO org.springframework.boot.test.context.SpringBootTestContextBootstrapper [main] Found @SpringBootConfiguration com.OnlineDryCleaningApplication for test class com.test.BookingServiceTest
2021-06-19 13:57:30,353 INFO org.springframework.boot.test.context.SpringBootTestContextBootstrapper [main] Loaded default TestExecutionListener class names from location [META-INF/spring.factories]: [org.springframework.boot.test.autoconfigure.restdocs.RestDocsTestExecutionListener, org.springframework.boot.test.autoconfigure.web.client.MockRestServiceServerResetTestExecutionListener, org.springframework.boot.test.autoconfigure.web.servlet.MockMvcPrintOnlyOnFailureTestExecutionListener, org.springframework.boot.test.autoconfigure.web.servlet.WebDriverTestExecutionListener, org.springframework.boot.test.autoconfigure.webservices.client.MockWebServiceServerTestExecutionListener, org.springframework.boot.test.mock.mockito.MockitoTestExecutionListener, org.springframework.boot.test.mock.mockito.ResetMocksTestExecutionListener, org.springframework.test.context.web.ServletTestExecutionListener, org.springframework.test.context.support.DirtiesContextBeforeModesTestExecutionListener, org.springframework.test.context.event.ApplicationEventsTestExecutionListener, org.springframework.test.context.support.DependencyInjectionTestExecutionListener, org.springframework.test.context.support.DirtiesContextTestExecutionListener, org.springframework.test.context.transaction.TransactionalTestExecutionListener, org.springframework.test.context.jdbc.SqlScriptsTestExecutionListener, org.springframework.test.context.event.EventPublishingTestExecutionListener]
2021-06-19 13:57:30,389 INFO org.springframework.boot.test.context.SpringBootTestContextBootstrapper [main] Using TestExecutionListeners: [org.springframework.test.context.web.ServletTestExecutionListener@55795845, org.springframework.test.context.support.DirtiesContextBeforeModesTestExecutionListener@3d08f3f5, org.springframework.test.context.event.ApplicationEventsTestExecutionListener@119f1f2a, org.springframework.boot.test.mock.mockito.MockitoTestExecutionListener@1a1da881, org.springframework.boot.test.autoconfigure.SpringBootDependencyInjectionTestExecutionListener@5b970f7, org.springframework.test.context.support.DirtiesContextTestExecutionListener@7fd4acee, org.springframework.test.context.transaction.TransactionalTestExecutionListener@165b8a71, org.springframework.test.context.jdbc.SqlScriptsTestExecutionListener@6175619b, org.springframework.test.context.event.EventPublishingTestExecutionListener@2f058b8a, org.springframework.boot.test.autoconfigure.restdocs.RestDocsTestExecutionListener@756cf158, org.springframework.boot.test.autoconfigure.web.client.MockRestServiceServerResetTestExecutionListener@3f2ef586, org.springframework.boot.test.autoconfigure.web.servlet.MockMvcPrintOnlyOnFailureTestExecutionListener@751d3241, org.springframework.boot.test.autoconfigure.web.servlet.WebDriverTestExecutionListener@76c7beb3, org.springframework.boot.test.autoconfigure.webservices.client.MockWebServiceServerTestExecutionListener@64337702, org.springframework.boot.test.mock.mockito.ResetMocksTestExecutionListener@2cf92cc7]
2021-06-19 13:57:31,110 INFO com.test.BookingServiceTest [main] Starting BookingServiceTest using Java 15.0.2 on Mohammed-Saqlain with PID 6920 (started by Saqlain in C:\Users\Saqlain\Desktop\Ghouse_Project\OnlineDryCleaningApplication)
2021-06-19 13:57:31,131 INFO com.test.BookingServiceTest [main] No active profile set, falling back to default profiles: default
2021-06-19 13:57:35,038 INFO org.springframework.data.repository.config.RepositoryConfigurationDelegate [main] Bootstrapping Spring Data JPA repositories in DEFAULT mode.
2021-06-19 13:57:35,917 INFO org.springframework.data.repository.config.RepositoryConfigurationDelegate [main] Finished Spring Data repository scanning in 861 ms. Found 7 JPA repository interfaces.
2021-06-19 13:57:38,455 INFO com.zaxxer.hikari.HikariDataSource [main] HikariPool-1 - Starting...
2021-06-19 13:57:38,978 INFO com.zaxxer.hikari.HikariDataSource [main] HikariPool-1 - Start completed.
2021-06-19 13:57:39,768 INFO org.hibernate.jpa.internal.util.LogHelper [main] HHH000204: Processing PersistenceUnitInfo [name: default]
2021-06-19 13:57:39,889 INFO org.hibernate.Version [main] HHH000412: Hibernate ORM core version 5.4.32.Final
2021-06-19 13:57:39,993 INFO org.hibernate.annotations.common.Version [main] HCANN000001: Hibernate Commons Annotations {5.1.2.Final}
2021-06-19 13:57:40,283 INFO org.hibernate.dialect.Dialect [main] HHH000400: Using dialect: org.hibernate.dialect.PostgreSQL10Dialect
2021-06-19 13:57:42,337 INFO org.hibernate.engine.transaction.jta.platform.internal.JtaPlatformInitiator [main] HHH000490: Using JtaPlatform implementation: [org.hibernate.engine.transaction.jta.platform.internal.NoJtaPlatform]
2021-06-19 13:57:42,357 INFO org.springframework.orm.jpa.LocalContainerEntityManagerFactoryBean [main] Initialized JPA EntityManagerFactory for persistence unit 'default'
2021-06-19 13:57:44,698 WARN org.springframework.boot.autoconfigure.orm.jpa.JpaBaseConfiguration$JpaWebConfiguration [main] spring.jpa.open-in-view is enabled by default. Therefore, database queries may be performed during view rendering. Explicitly configure spring.jpa.open-in-view to disable this warning
2021-06-19 13:57:50,510 INFO com.test.BookingServiceTest [main] Started BookingServiceTest in 20.039 seconds (JVM running for 22.555)
2021-06-19 13:57:51,089 INFO org.springframework.orm.jpa.LocalContainerEntityManagerFactoryBean [SpringApplicationShutdownHook] Closing JPA EntityManagerFactory for persistence unit 'default'
2021-06-19 13:57:51,094 INFO com.zaxxer.hikari.HikariDataSource [SpringApplicationShutdownHook] HikariPool-1 - Shutdown initiated...
2021-06-19 13:57:51,102 INFO com.zaxxer.hikari.HikariDataSource [SpringApplicationShutdownHook] HikariPool-1 - Shutdown completed.
